<?xml version="1.0" encoding="UTF-8"?>
<!-- Generated by org.testng.reporters.JUnitReportReporter -->
<testsuite skipped="0" hostname="mpanigra-WX-1" name="CollectionsTest" tests="1" failures="0" timestamp="20 Jun 2020 19:04:18 GMT" time="1.144" errors="0">
  <testcase name="getAPI" time="1.144" classname="CollectionsTest"/>
</testsuite> <!-- CollectionsTest -->
